<?xml version="1.0" encoding="UTF-8"?>
<!-- Generated by org.testng.reporters.JUnitXMLReporter -->
<testsuite hostname="DESKTOP-IKRVH90" ignored="0" name="Surefire test" tests="1" failures="1" timestamp="2021-01-16T19:49:33 IST" time="12.569" errors="0">
  <testcase name="runScenario" time="11.05" classname="cucumber.api.testng.AbstractTestNGCucumberTests">
    <failure type="java.lang.AssertionError" message="null">
      <![CDATA[java.lang.AssertionError: null
at com.example.ProdUtils.compareValuefromElementList(ProdUtils.java:37)
at com.example.StepDef.some_other_precondition(StepDef.java:45)
at ✽.Verify the Sub Menu items "Deals%Vacation rentals%Things to do%Packages & Flights%Groups & Meetings%Gift Cards%List your property%Hotels.com® Rewards%"(E:/MyFramework/WorkSpace/CucumberTest/src/test/resources/FeatureFiles/mine.feature:7)
... Removed 2 stack frames]]>
    </failure>
  </testcase> <!-- runScenario -->
</testsuite> <!-- Surefire test -->
