<?xml version="1.0" encoding="UTF-8"?>
<!-- Generated by org.testng.reporters.JUnitXMLReporter -->
<testsuite hostname="DESKTOP-IKRVH90" ignored="0" name="Default test" tests="2" failures="0" timestamp="2021-01-17T19:29:05 IST" time="11.89" errors="0">
  <testcase name="runScenario" time="6.873" classname="cucumber.api.testng.AbstractTestNGCucumberTests"/>
  <testcase name="runScenario" time="4.345" classname="cucumber.api.testng.AbstractTestNGCucumberTests"/>
</testsuite> <!-- Default test -->
