<?xml version="1.0" encoding="UTF-8"?>
<testng-results skipped="0" failed="0" ignored="0" total="2" passed="2">
  <reporter-output>
  </reporter-output>
  <suite name="Default suite" duration-ms="11890" started-at="2021-01-17T19:28:53 IST" finished-at="2021-01-17T19:29:05 IST">
    <groups>
      <group name="cucumber">
        <method signature="AbstractTestNGCucumberTests.runScenario(cucumber.api.testng.PickleEventWrapper, cucumber.api.testng.CucumberFeatureWrapper)[pri:0, instance:com.sample.runner.RunnerClass@631330c]" name="runScenario" class="cucumber.api.testng.AbstractTestNGCucumberTests"/>
      </group> <!-- cucumber -->
    </groups>
    <test name="Default test" duration-ms="11890" started-at="2021-01-17T19:28:53 IST" finished-at="2021-01-17T19:29:05 IST">
      <class name="com.sample.runner.RunnerClass">
        <test-method status="PASS" signature="setUpClass()[pri:0, instance:com.sample.runner.RunnerClass@631330c]" name="setUpClass" is-config="true" duration-ms="294" started-at="2021-01-17T19:28:53 IST" finished-at="2021-01-17T19:28:53 IST">
          <reporter-output>
          </reporter-output>
        </test-method> <!-- setUpClass -->
        <test-method status="PASS" signature="runScenario(cucumber.api.testng.PickleEventWrapper, cucumber.api.testng.CucumberFeatureWrapper)[pri:0, instance:com.sample.runner.RunnerClass@631330c]" name="runScenario" duration-ms="6873" started-at="2021-01-17T19:28:53 IST" description="Runs Cucumber Scenarios" data-provider="scenarios" finished-at="2021-01-17T19:29:00 IST">
          <params>
            <param index="0">
              <value>
                <![CDATA["Verify Flight and Hotel Booking functionlality"]]>
              </value>
            </param>
            <param index="1">
              <value>
                <![CDATA["Title of your feature I want to use this template for my feature file"]]>
              </value>
            </param>
          </params>
          <reporter-output>
          </reporter-output>
        </test-method> <!-- runScenario -->
        <test-method status="PASS" signature="runScenario(cucumber.api.testng.PickleEventWrapper, cucumber.api.testng.CucumberFeatureWrapper)[pri:0, instance:com.sample.runner.RunnerClass@631330c]" name="runScenario" duration-ms="4345" started-at="2021-01-17T19:29:00 IST" description="Runs Cucumber Scenarios" data-provider="scenarios" finished-at="2021-01-17T19:29:05 IST">
          <params>
            <param index="0">
              <value>
                <![CDATA["Verify Flight and Hotel Booking functionlality"]]>
              </value>
            </param>
            <param index="1">
              <value>
                <![CDATA["Title of your feature I want to use this template for my feature file"]]>
              </value>
            </param>
          </params>
          <reporter-output>
          </reporter-output>
        </test-method> <!-- runScenario -->
        <test-method status="PASS" signature="tearDownClass()[pri:0, instance:com.sample.runner.RunnerClass@631330c]" name="tearDownClass" is-config="true" duration-ms="172" started-at="2021-01-17T19:29:05 IST" finished-at="2021-01-17T19:29:05 IST">
          <reporter-output>
          </reporter-output>
        </test-method> <!-- tearDownClass -->
      </class> <!-- com.sample.runner.RunnerClass -->
    </test> <!-- Default test -->
  </suite> <!-- Default suite -->
</testng-results>
